TN:
SF:app.js
FNF:0
FNH:0
DA:1,2
DA:2,2
DA:3,2
DA:4,2
DA:5,2
DA:6,2
DA:8,2
DA:9,2
DA:10,2
DA:11,2
DA:12,2
DA:14,2
LF:12
LH:12
BRF:0
BRH:0
end_of_record
TN:
SF:controllers\CatAPI.js
FN:4,(anonymous_0)
FN:18,(anonymous_1)
FNF:2
FNH:0
FNDA:0,(anonymous_0)
FNDA:0,(anonymous_1)
DA:1,2
DA:3,2
DA:5,0
DA:6,0
DA:13,0
DA:15,0
DA:19,0
DA:20,0
DA:21,0
DA:31,0
DA:33,0
LF:11
LH:2
BRF:0
BRH:0
end_of_record
TN:
SF:controllers\CatController.js
FN:4,(anonymous_0)
FN:16,(anonymous_1)
FN:43,(anonymous_2)
FN:60,(anonymous_3)
FNF:4
FNH:4
FNDA:1,(anonymous_0)
FNDA:1,(anonymous_1)
FNDA:2,(anonymous_2)
FNDA:1,(anonymous_3)
DA:1,2
DA:3,2
DA:5,1
DA:6,1
DA:7,1
DA:8,1
DA:10,1
DA:12,0
DA:17,1
DA:19,1
DA:20,1
DA:23,1
DA:24,1
DA:33,1
DA:34,0
DA:36,1
DA:39,0
DA:44,2
DA:45,2
DA:46,2
DA:49,2
DA:51,2
DA:54,2
DA:56,0
DA:61,1
DA:62,1
DA:63,1
DA:64,1
DA:65,1
DA:67,0
LF:30
LH:25
BRDA:8,0,0,0
BRDA:8,0,1,1
BRDA:49,1,0,1
BRDA:49,1,1,1
BRF:4
BRH:3
end_of_record
TN:
SF:controllers\OpenAIController.js
FN:8,(anonymous_0)
FNF:1
FNH:0
FNDA:0,(anonymous_0)
DA:1,2
DA:2,2
DA:3,2
DA:7,2
DA:9,0
DA:10,0
DA:11,0
DA:18,0
DA:20,0
DA:25,0
DA:26,0
DA:28,0
DA:30,0
LF:13
LH:4
BRF:0
BRH:0
end_of_record
TN:
SF:controllers\PubController.js
FN:4,(anonymous_0)
FNF:1
FNH:0
FNDA:0,(anonymous_0)
DA:1,2
DA:3,2
DA:5,0
DA:6,0
DA:20,0
DA:22,0
LF:6
LH:2
BRF:0
BRH:0
end_of_record
TN:
SF:controllers\UserController.js
FN:9,(anonymous_0)
FN:32,(anonymous_1)
FN:58,(anonymous_2)
FNF:3
FNH:2
FNDA:7,(anonymous_0)
FNDA:5,(anonymous_1)
FNDA:0,(anonymous_2)
DA:1,2
DA:2,2
DA:3,2
DA:4,2
DA:5,2
DA:6,2
DA:8,2
DA:10,7
DA:11,7
DA:13,7
DA:14,0
DA:16,7
DA:22,2
DA:28,5
DA:33,5
DA:34,5
DA:36,5
DA:37,4
DA:38,1
DA:40,3
DA:42,3
DA:43,1
DA:45,2
DA:47,2
DA:48,1
DA:50,1
DA:52,1
DA:54,4
DA:59,0
DA:60,0
DA:64,0
DA:66,0
DA:76,0
DA:77,0
DA:79,0
LF:35
LH:27
BRDA:13,0,0,0
BRDA:13,0,1,7
BRDA:36,1,0,1
BRDA:36,1,1,4
BRDA:37,2,0,1
BRDA:37,2,1,3
BRDA:42,3,0,1
BRDA:42,3,1,2
BRDA:47,4,0,1
BRDA:47,4,1,1
BRDA:77,5,0,0
BRDA:77,5,1,0
BRF:12
BRH:9
end_of_record
TN:
SF:helpers\bcryptjs.js
FN:4,(anonymous_0)
FN:5,(anonymous_1)
FNF:2
FNH:2
FNDA:3,(anonymous_0)
FNDA:2,(anonymous_1)
DA:1,2
DA:3,2
DA:4,3
DA:6,2
LF:4
LH:4
BRF:0
BRH:0
end_of_record
TN:
SF:helpers\jwt.js
FN:5,(anonymous_0)
FN:6,(anonymous_1)
FNF:2
FNH:2
FNDA:2,(anonymous_0)
FNDA:7,(anonymous_1)
DA:1,2
DA:2,2
DA:4,2
DA:5,2
DA:6,7
LF:5
LH:5
BRF:0
BRH:0
end_of_record
TN:
SF:middlewares\authentication.js
FN:4,(anonymous_0)
FNF:1
FNH:1
FNDA:7,(anonymous_0)
DA:1,2
DA:2,2
DA:4,2
DA:5,7
DA:6,7
DA:7,7
DA:9,7
DA:10,7
DA:12,7
DA:14,7
DA:16,7
DA:17,7
DA:19,7
DA:21,7
DA:23,0
DA:27,2
LF:16
LH:15
BRDA:7,0,0,0
BRDA:7,0,1,7
BRDA:10,1,0,0
BRDA:10,1,1,7
BRDA:14,2,0,0
BRDA:14,2,1,7
BRDA:17,3,0,0
BRDA:17,3,1,7
BRF:8
BRH:4
end_of_record
TN:
SF:middlewares\authorization.js
FN:3,(anonymous_0)
FN:15,(anonymous_1)
FNF:2
FNH:1
FNDA:0,(anonymous_0)
FNDA:5,(anonymous_1)
DA:1,2
DA:3,2
DA:4,0
DA:5,0
DA:6,0
DA:7,0
DA:9,0
DA:11,0
DA:15,2
DA:16,5
DA:17,5
DA:18,5
DA:20,5
DA:21,5
DA:23,3
DA:25,3
DA:27,2
DA:31,2
LF:18
LH:12
BRDA:7,0,0,0
BRDA:7,0,1,0
BRDA:21,1,0,2
BRDA:21,1,1,3
BRDA:23,2,0,0
BRDA:23,2,1,3
BRF:6
BRH:3
end_of_record
TN:
SF:middlewares\errorHandler.js
FN:1,(anonymous_0)
FNF:1
FNH:1
FNDA:11,(anonymous_0)
DA:1,2
DA:2,11
DA:3,11
DA:5,11
DA:8,5
DA:9,5
DA:10,5
DA:12,2
DA:13,2
DA:14,2
DA:16,2
DA:17,2
DA:18,2
DA:20,0
DA:21,0
DA:22,0
DA:24,2
DA:25,2
DA:26,2
DA:29,0
DA:30,0
DA:31,0
DA:34,11
DA:37,2
LF:24
LH:18
BRDA:2,0,0,11
BRDA:2,0,1,11
BRDA:3,1,0,11
BRDA:3,1,1,0
BRDA:5,2,0,5
BRDA:5,2,1,5
BRDA:5,2,2,2
BRDA:5,2,3,2
BRDA:5,2,4,0
BRDA:5,2,5,2
BRDA:5,2,6,0
BRDA:5,2,7,0
BRF:12
BRH:8
end_of_record
TN:
SF:middlewares\multer.js
FN:4,(anonymous_0)
FNF:1
FNH:0
FNDA:0,(anonymous_0)
DA:1,2
DA:3,2
DA:5,0
DA:9,2
DA:11,2
LF:5
LH:4
BRF:0
BRH:0
end_of_record
TN:
SF:middlewares\uploadMultiple.js
FN:12,(anonymous_0)
FNF:1
FNH:1
FNDA:1,(anonymous_0)
DA:1,2
DA:2,2
DA:3,2
DA:4,2
DA:6,2
DA:12,2
DA:13,1
DA:14,1
DA:16,1
DA:18,1
DA:19,0
DA:23,0
DA:26,1
DA:28,1
DA:30,0
DA:34,2
LF:16
LH:13
BRF:0
BRH:0
end_of_record
TN:
SF:models\cat.js
FN:3,(anonymous_0)
FN:10,(anonymous_1)
FNF:2
FNH:2
FNDA:2,(anonymous_0)
FNDA:2,(anonymous_1)
DA:2,2
DA:3,2
DA:12,2
DA:13,2
DA:16,2
DA:81,2
LF:6
LH:6
BRF:0
BRH:0
end_of_record
TN:
SF:models\catimage.js
FN:3,(anonymous_0)
FN:10,(anonymous_1)
FNF:2
FNH:2
FNDA:2,(anonymous_0)
FNDA:2,(anonymous_1)
DA:2,2
DA:3,2
DA:12,2
DA:15,2
DA:32,2
LF:5
LH:5
BRF:0
BRH:0
end_of_record
TN:
SF:models\index.js
FN:21,(anonymous_0)
FN:29,(anonymous_1)
FN:34,(anonymous_2)
FNF:3
FNH:3
FNDA:8,(anonymous_0)
FNDA:6,(anonymous_1)
FNDA:6,(anonymous_2)
DA:3,2
DA:4,2
DA:5,2
DA:6,2
DA:7,2
DA:8,2
DA:9,2
DA:10,2
DA:13,2
DA:14,0
DA:16,2
DA:19,2
DA:22,8
DA:30,6
DA:31,6
DA:34,2
DA:35,6
DA:36,6
DA:40,2
DA:41,2
DA:43,2
LF:21
LH:20
BRDA:8,0,0,2
BRDA:8,0,1,0
BRDA:13,1,0,0
BRDA:13,1,1,2
BRDA:23,2,0,8
BRDA:23,2,1,8
BRDA:23,2,2,6
BRDA:23,2,3,6
BRDA:35,3,0,6
BRDA:35,3,1,0
BRF:10
BRH:7
end_of_record
TN:
SF:models\user.js
FN:4,(anonymous_0)
FN:11,(anonymous_1)
FN:58,(anonymous_2)
FNF:3
FNH:3
FNDA:2,(anonymous_0)
FNDA:2,(anonymous_1)
FNDA:2,(anonymous_2)
DA:2,2
DA:3,2
DA:4,2
DA:13,2
DA:16,2
DA:58,2
DA:59,2
DA:62,2
LF:8
LH:8
BRF:0
BRH:0
end_of_record
TN:
SF:routes\breeds.js
FNF:0
FNH:0
DA:1,2
DA:3,2
DA:5,2
DA:6,2
DA:8,2
LF:5
LH:5
BRF:0
BRH:0
end_of_record
TN:
SF:routes\cats.js
FNF:0
FNH:0
DA:1,2
DA:2,2
DA:3,2
DA:4,2
DA:6,2
DA:8,2
DA:9,2
DA:16,2
DA:17,2
DA:19,2
LF:10
LH:10
BRF:0
BRH:0
end_of_record
TN:
SF:routes\index.js
FN:9,(anonymous_0)
FNF:1
FNH:0
FNDA:0,(anonymous_0)
DA:1,2
DA:2,2
DA:3,2
DA:4,2
DA:5,2
DA:6,2
DA:7,2
DA:9,2
DA:10,0
DA:13,2
DA:14,2
DA:15,2
DA:16,2
DA:18,2
DA:19,2
DA:20,2
DA:21,2
DA:23,2
LF:18
LH:17
BRF:0
BRH:0
end_of_record
